
2020-05-31 07:17:17...Begin System Check Process *************
2020-05-31 07:17:17...XML Parsing Support Found
2020-05-31 07:17:17...MBString Support Found
2020-05-31 07:17:17...ZIP Support Found
2020-05-31 07:17:17.../custom directory and subdirectory check passed
2020-05-31 07:17:17...cache directory and subdirectory check passed
2020-05-31 07:17:17.../module  directory and subdirectory check passed
2020-05-31 07:17:17.../upload directory check passed
2020-05-31 07:17:17.../zip check passed
2020-05-31 07:17:17...PCRE version check passed
2020-05-31 07:17:17...installerHook: Info: custom/install/install_hooks.php not present, no custom hooks to execute
2020-05-31 07:17:17...php.ini location found. /etc/php/7.2/apache2/php.ini
2020-05-31 07:17:17...Outputting HTML for System check
2020-05-31 07:17:17...No Errors were found *************
2020-05-31 07:17:29...installerHook: Info: custom/install/install_hooks.php not present, no custom hooks to execute
2020-05-31 07:17:43...installerHook: Info: custom/install/install_hooks.php not present, no custom hooks to execute
2020-05-31 07:19:00...Begin DB Check Process *************
2020-05-31 07:19:00...testing with mysql:mysqli
2020-05-31 07:19:00...Basic form info is valid, continuing Process.
2020-05-31 07:19:00...Testing user account...
2020-05-31 07:19:00...ERROR::  The provided database host, username, and/or password is invalid, and a connection to the database could not be established. Please enter a valid host, username and password
2020-05-31 07:19:00...FATAL:: errors have been detected!  User will not be allowed to continue.  Errors are as follow:
2020-05-31 07:19:00..... The provided database host, username, and/or password is invalid, and a connection to the database could not be established. Please enter a valid host, username and password
2020-05-31 07:19:00...End DB Check Process *************
2020-05-31 07:19:56...Begin DB Check Process *************
2020-05-31 07:19:56...testing with mysql:mysqli
2020-05-31 07:19:56...Basic form info is valid, continuing Process.
2020-05-31 07:19:56...Testing user account...
2020-05-31 07:19:56...Connection made using  host: localhost, usr: phpmyadmin
2020-05-31 07:19:56...SUCCESS:: no errors detected!
2020-05-31 07:19:56...End DB Check Process *************
2020-05-31 07:19:57...installerHook: Info: custom/install/install_hooks.php not present, no custom hooks to execute
2020-05-31 07:19:57...calling handleSugarConfig()
2020-05-31 07:19:57...calling handleHtaccess()
2020-05-31 07:19:57...calling handleDbCreateDatabase()
2020-05-31 07:19:57...looping through all the Beans and create their tables
2020-05-31 07:19:57...processing table acl_actions
2020-05-31 07:19:58...creating table acl_actions
2020-05-31 07:19:58...creating Relationship Meta for ACLAction
2020-05-31 07:19:58...processing table acl_roles
2020-05-31 07:19:58...creating table acl_roles
2020-05-31 07:19:58...creating Relationship Meta for ACLRole
2020-05-31 07:19:58...processing table relationships
2020-05-31 07:19:59...creating table relationships
2020-05-31 07:19:59...creating Relationship Meta for Relationship
2020-05-31 07:19:59...processing table leads
2020-05-31 07:20:03...creating table leads
2020-05-31 07:20:03...creating Relationship Meta for Lead
2020-05-31 07:20:04...processing table cases
2020-05-31 07:20:06...creating table cases
2020-05-31 07:20:06...creating Relationship Meta for Case
2020-05-31 07:20:07...processing table bugs
2020-05-31 07:20:10...creating table bugs
2020-05-31 07:20:10...creating Relationship Meta for Bug
2020-05-31 07:20:10...processing table users
2020-05-31 07:20:12...creating table users
2020-05-31 07:20:12...creating Relationship Meta for User
2020-05-31 07:20:13...processing table campaign_log
2020-05-31 07:20:14...creating table campaign_log
2020-05-31 07:20:14...creating Relationship Meta for CampaignLog
2020-05-31 07:20:14...processing table project
2020-05-31 07:20:16...creating table project
2020-05-31 07:20:16...creating Relationship Meta for Project
2020-05-31 07:20:17...processing table project_task
2020-05-31 07:20:22...creating table project_task
2020-05-31 07:20:22...creating Relationship Meta for ProjectTask
2020-05-31 07:20:26...processing table campaigns
2020-05-31 07:20:36...creating table campaigns
2020-05-31 07:20:36...creating Relationship Meta for Campaign
2020-05-31 07:20:39...processing table prospect_lists
2020-05-31 07:20:41...creating table prospect_lists
2020-05-31 07:20:41...creating Relationship Meta for ProspectList
2020-05-31 07:20:41...processing table prospects
2020-05-31 07:20:45...creating table prospects
2020-05-31 07:20:45...creating Relationship Meta for Prospect
2020-05-31 07:20:46...processing table email_marketing
2020-05-31 07:20:49...creating table email_marketing
2020-05-31 07:20:49...creating Relationship Meta for EmailMarketing
2020-05-31 07:20:49...processing table campaign_trkrs
2020-05-31 07:20:54...creating table campaign_trkrs
2020-05-31 07:20:54...creating Relationship Meta for CampaignTracker
2020-05-31 07:20:56...processing table releases
2020-05-31 07:20:57...creating table releases
2020-05-31 07:20:57...creating Relationship Meta for Release
2020-05-31 07:20:57...processing table emailman
2020-05-31 07:20:59...creating table emailman
2020-05-31 07:20:59...creating Relationship Meta for EmailMan
2020-05-31 07:20:59...processing table schedulers
2020-05-31 07:21:00...creating table schedulers
2020-05-31 07:21:00...creating Relationship Meta for Scheduler
2020-05-31 07:21:01...processing table job_queue
2020-05-31 07:21:02...creating table job_queue
2020-05-31 07:21:02...creating Relationship Meta for SchedulersJob
2020-05-31 07:21:03...processing table contacts
2020-05-31 07:21:07...creating table contacts
2020-05-31 07:21:07...creating Relationship Meta for Contact
2020-05-31 07:21:09...processing table accounts
2020-05-31 07:21:13...creating table accounts
2020-05-31 07:21:13...creating Relationship Meta for Account
2020-05-31 07:21:15...processing table opportunities
2020-05-31 07:21:19...creating table opportunities
2020-05-31 07:21:19...creating Relationship Meta for Opportunity
2020-05-31 07:21:21...processing table email_templates
2020-05-31 07:21:30...creating table email_templates
2020-05-31 07:21:30...creating Relationship Meta for EmailTemplate
2020-05-31 07:21:30...processing table notes
2020-05-31 07:21:33...creating table notes
2020-05-31 07:21:33...creating Relationship Meta for Note
2020-05-31 07:21:34...processing table calls
2020-05-31 07:21:38...creating table calls
2020-05-31 07:21:38...creating Relationship Meta for Call
2020-05-31 07:21:39...processing table emails
2020-05-31 07:21:42...creating table emails
2020-05-31 07:21:42...creating Relationship Meta for Email
2020-05-31 07:21:44...processing table meetings
2020-05-31 07:21:46...creating table meetings
2020-05-31 07:21:46...creating Relationship Meta for Meeting
2020-05-31 07:21:47...processing table tasks
2020-05-31 07:21:52...creating table tasks
2020-05-31 07:21:52...creating Relationship Meta for Task
2020-05-31 07:21:52...processing table users
2020-05-31 07:21:52...processing table users
2020-05-31 07:21:52...processing table currencies
2020-05-31 07:22:00...creating table currencies
2020-05-31 07:22:00...creating Relationship Meta for Currency
2020-05-31 07:22:00...processing table tracker
2020-05-31 07:22:01...creating table tracker
2020-05-31 07:22:01...creating Relationship Meta for Tracker
2020-05-31 07:22:01...processing table import_maps
2020-05-31 07:22:01...creating table import_maps
2020-05-31 07:22:01...creating Relationship Meta for ImportMap
2020-05-31 07:22:01...processing table users_last_import
2020-05-31 07:22:02...creating table users_last_import
2020-05-31 07:22:02...creating Relationship Meta for UsersLastImport
2020-05-31 07:22:02...processing table config
2020-05-31 07:22:03...creating table config
2020-05-31 07:22:03...creating Relationship Meta for Administration
2020-05-31 07:22:03...processing table upgrade_history
2020-05-31 07:22:04...creating table upgrade_history
2020-05-31 07:22:04...creating Relationship Meta for UpgradeHistory
2020-05-31 07:22:04...processing table vcals
2020-05-31 07:22:07...creating table vcals
2020-05-31 07:22:07...creating Relationship Meta for vCal
2020-05-31 07:22:07...processing table alerts
2020-05-31 07:22:11...creating table alerts
2020-05-31 07:22:11...creating Relationship Meta for Alert
2020-05-31 07:22:11...processing table roles
2020-05-31 07:22:12...creating table roles
2020-05-31 07:22:12...creating Relationship Meta for Role
2020-05-31 07:22:12...processing table documents
2020-05-31 07:22:15...creating table documents
2020-05-31 07:22:15...creating Relationship Meta for Document
2020-05-31 07:22:16...processing table document_revisions
2020-05-31 07:22:16...creating table document_revisions
2020-05-31 07:22:16...creating Relationship Meta for DocumentRevision
2020-05-31 07:22:17...processing table fields_meta_data
2020-05-31 07:22:18...creating table fields_meta_data
2020-05-31 07:22:18...creating Relationship Meta for FieldsMetaData
2020-05-31 07:22:18...processing table inbound_email
2020-05-31 07:22:19...creating table inbound_email
2020-05-31 07:22:19...creating Relationship Meta for InboundEmail
2020-05-31 07:22:19...processing table saved_search
2020-05-31 07:22:20...creating table saved_search
2020-05-31 07:22:20...creating Relationship Meta for SavedSearch
2020-05-31 07:22:21...processing table user_preferences
2020-05-31 07:22:22...creating table user_preferences
2020-05-31 07:22:22...creating Relationship Meta for UserPreference
2020-05-31 07:22:22...processing table 
2020-05-31 07:22:22...processing table email_addresses
2020-05-31 07:22:24...creating table email_addresses
2020-05-31 07:22:24...creating Relationship Meta for EmailAddress
2020-05-31 07:22:24...processing table emails_text
2020-05-31 07:22:32...creating table emails_text
2020-05-31 07:22:32...creating Relationship Meta for EmailText
2020-05-31 07:22:32...processing table spots
2020-05-31 07:22:34...creating table spots
2020-05-31 07:22:34...creating Relationship Meta for Spots
2020-05-31 07:22:34...processing table aobh_businesshours
2020-05-31 07:22:35...creating table aobh_businesshours
2020-05-31 07:22:35...creating Relationship Meta for AOBH_BusinessHours
2020-05-31 07:22:35...processing table sugarfeed
2020-05-31 07:22:37...creating table sugarfeed
2020-05-31 07:22:37...creating Relationship Meta for SugarFeed
2020-05-31 07:22:38...processing table eapm
2020-05-31 07:22:41...creating table eapm
2020-05-31 07:22:41...creating Relationship Meta for EAPM
2020-05-31 07:22:41...processing table oauth_consumer
2020-05-31 07:22:42...creating table oauth_consumer
2020-05-31 07:22:42...creating Relationship Meta for OAuthKey
2020-05-31 07:22:42...processing table oauth_tokens
2020-05-31 07:22:44...creating table oauth_tokens
2020-05-31 07:22:44...creating Relationship Meta for OAuthToken
2020-05-31 07:22:45...processing table am_projecttemplates
2020-05-31 07:22:48...creating table am_projecttemplates
2020-05-31 07:22:48...creating Relationship Meta for AM_ProjectTemplates
2020-05-31 07:22:48...processing table am_tasktemplates
2020-05-31 07:22:52...creating table am_tasktemplates
2020-05-31 07:22:52...creating Relationship Meta for AM_TaskTemplates
2020-05-31 07:22:52...processing table favorites
2020-05-31 07:22:53...creating table favorites
2020-05-31 07:22:53...creating Relationship Meta for Favorites
2020-05-31 07:22:53...processing table aok_knowledge_base_categories
2020-05-31 07:23:01...creating table aok_knowledge_base_categories
2020-05-31 07:23:01...creating Relationship Meta for AOK_Knowledge_Base_Categories
2020-05-31 07:23:02...processing table aok_knowledgebase
2020-05-31 07:23:05...creating table aok_knowledgebase
2020-05-31 07:23:05...creating Relationship Meta for AOK_KnowledgeBase
2020-05-31 07:23:06...processing table reminders
2020-05-31 07:23:07...creating table reminders
2020-05-31 07:23:07...creating Relationship Meta for Reminder
2020-05-31 07:23:08...processing table reminders_invitees
2020-05-31 07:23:10...creating table reminders_invitees
2020-05-31 07:23:10...creating Relationship Meta for Reminder_Invitee
2020-05-31 07:23:11...processing table fp_events
2020-05-31 07:23:14...creating table fp_events
2020-05-31 07:23:14...creating Relationship Meta for FP_events
2020-05-31 07:23:15...processing table fp_event_locations
2020-05-31 07:23:18...creating table fp_event_locations
2020-05-31 07:23:18...creating Relationship Meta for FP_Event_Locations
2020-05-31 07:23:19...processing table aod_indexevent
2020-05-31 07:23:22...creating table aod_indexevent
2020-05-31 07:23:22...creating Relationship Meta for AOD_IndexEvent
2020-05-31 07:23:23...processing table aod_index
2020-05-31 07:23:26...creating table aod_index
2020-05-31 07:23:26...creating Relationship Meta for AOD_Index
2020-05-31 07:23:27...processing table aop_case_events
2020-05-31 07:23:35...creating table aop_case_events
2020-05-31 07:23:35...creating Relationship Meta for AOP_Case_Events
2020-05-31 07:23:35...processing table aop_case_updates
2020-05-31 07:23:38...creating table aop_case_updates
2020-05-31 07:23:38...creating Relationship Meta for AOP_Case_Updates
2020-05-31 07:23:39...processing table aor_reports
2020-05-31 07:23:42...creating table aor_reports
2020-05-31 07:23:42...creating Relationship Meta for AOR_Report
2020-05-31 07:23:43...processing table aor_fields
2020-05-31 07:23:44...creating table aor_fields
2020-05-31 07:23:44...creating Relationship Meta for AOR_Field
2020-05-31 07:23:45...processing table aor_charts
2020-05-31 07:23:45...creating table aor_charts
2020-05-31 07:23:45...creating Relationship Meta for AOR_Chart
2020-05-31 07:23:45...processing table aor_conditions
2020-05-31 07:23:46...creating table aor_conditions
2020-05-31 07:23:46...creating Relationship Meta for AOR_Condition
2020-05-31 07:23:46...processing table aor_scheduled_reports
2020-05-31 07:23:47...creating table aor_scheduled_reports
2020-05-31 07:23:47...creating Relationship Meta for AOR_Scheduled_Reports
2020-05-31 07:23:48...processing table aos_contracts
2020-05-31 07:23:49...creating table aos_contracts
2020-05-31 07:23:49...creating Relationship Meta for AOS_Contracts
2020-05-31 07:23:50...processing table aos_invoices
2020-05-31 07:23:52...creating table aos_invoices
2020-05-31 07:23:52...creating Relationship Meta for AOS_Invoices
2020-05-31 07:23:52...processing table aos_pdf_templates
2020-05-31 07:23:54...creating table aos_pdf_templates
2020-05-31 07:23:54...creating Relationship Meta for AOS_PDF_Templates
2020-05-31 07:23:54...processing table aos_product_categories
2020-05-31 07:23:56...creating table aos_product_categories
2020-05-31 07:23:56...creating Relationship Meta for AOS_Product_Categories
2020-05-31 07:23:56...processing table aos_products
2020-05-31 07:24:01...creating table aos_products
2020-05-31 07:24:01...creating Relationship Meta for AOS_Products
2020-05-31 07:24:04...processing table aos_products_quotes
2020-05-31 07:24:08...creating table aos_products_quotes
2020-05-31 07:24:08...creating Relationship Meta for AOS_Products_Quotes
2020-05-31 07:24:09...processing table aos_line_item_groups
2020-05-31 07:24:11...creating table aos_line_item_groups
2020-05-31 07:24:11...creating Relationship Meta for AOS_Line_Item_Groups
2020-05-31 07:24:11...processing table aos_quotes
2020-05-31 07:24:16...creating table aos_quotes
2020-05-31 07:24:16...creating Relationship Meta for AOS_Quotes
2020-05-31 07:24:17...processing table aow_actions
2020-05-31 07:24:18...creating table aow_actions
2020-05-31 07:24:18...creating Relationship Meta for AOW_Action
2020-05-31 07:24:18...processing table aow_workflow
2020-05-31 07:24:23...creating table aow_workflow
2020-05-31 07:24:23...creating Relationship Meta for AOW_WorkFlow
2020-05-31 07:24:24...processing table aow_processed
2020-05-31 07:24:26...creating table aow_processed
2020-05-31 07:24:26...creating Relationship Meta for AOW_Processed
2020-05-31 07:24:26...processing table aow_conditions
2020-05-31 07:24:26...creating table aow_conditions
2020-05-31 07:24:26...creating Relationship Meta for AOW_Condition
2020-05-31 07:24:27...processing table jjwg_maps
2020-05-31 07:24:29...creating table jjwg_maps
2020-05-31 07:24:29...creating Relationship Meta for jjwg_Maps
2020-05-31 07:24:30...processing table jjwg_markers
2020-05-31 07:24:37...creating table jjwg_markers
2020-05-31 07:24:37...creating Relationship Meta for jjwg_Markers
2020-05-31 07:24:38...processing table jjwg_areas
2020-05-31 07:24:42...creating table jjwg_areas
2020-05-31 07:24:42...creating Relationship Meta for jjwg_Areas
2020-05-31 07:24:43...processing table jjwg_address_cache
2020-05-31 07:24:46...creating table jjwg_address_cache
2020-05-31 07:24:46...creating Relationship Meta for jjwg_Address_Cache
2020-05-31 07:24:46...processing table calls_reschedule
2020-05-31 07:24:49...creating table calls_reschedule
2020-05-31 07:24:49...creating Relationship Meta for Calls_Reschedule
2020-05-31 07:24:50...processing table securitygroups
2020-05-31 07:24:52...creating table securitygroups
2020-05-31 07:24:52...creating Relationship Meta for SecurityGroup
2020-05-31 07:24:53...processing table outbound_email
2020-05-31 07:24:57...creating table outbound_email
2020-05-31 07:24:57...creating Relationship Meta for OutboundEmailAccounts
2020-05-31 07:24:57...processing table templatesectionline
2020-05-31 07:25:01...creating table templatesectionline
2020-05-31 07:25:01...creating Relationship Meta for TemplateSectionLine
2020-05-31 07:25:02...processing table oauth2tokens
2020-05-31 07:25:06...creating table oauth2tokens
2020-05-31 07:25:06...creating Relationship Meta for OAuth2Tokens
2020-05-31 07:25:07...processing table oauth2clients
2020-05-31 07:25:08...creating table oauth2clients
2020-05-31 07:25:08...creating Relationship Meta for OAuth2Clients
2020-05-31 07:25:08...processing table surveyresponses
2020-05-31 07:25:13...creating table surveyresponses
2020-05-31 07:25:13...creating Relationship Meta for SurveyResponses
2020-05-31 07:25:13...processing table surveys
2020-05-31 07:25:17...creating table surveys
2020-05-31 07:25:17...creating Relationship Meta for Surveys
2020-05-31 07:25:18...processing table surveyquestionresponses
2020-05-31 07:25:22...creating table surveyquestionresponses
2020-05-31 07:25:22...creating Relationship Meta for SurveyQuestionResponses
2020-05-31 07:25:23...processing table surveyquestions
2020-05-31 07:25:27...creating table surveyquestions
2020-05-31 07:25:27...creating Relationship Meta for SurveyQuestions
2020-05-31 07:25:27...processing table surveyquestionoptions
2020-05-31 07:25:31...creating table surveyquestionoptions
2020-05-31 07:25:31...creating Relationship Meta for SurveyQuestionOptions
2020-05-31 07:28:15...Begin creating Defaults
2020-05-31 07:28:15...insert defaults into config table
2020-05-31 07:28:16...Creating default users
2020-05-31 07:28:17...Creating default scheduler jobs
2020-05-31 07:28:20...Creating default encryption key...
2020-05-31 07:28:20...Enable SugarFeeds
2020-05-31 07:28:23...Installation has completed *********
2020-05-31 07:31:32...populating the db with seed data
2020-05-31 07:31:33...Save configuration settings..
2020-05-31 07:31:33...save locale
2020-05-31 07:31:33...new Administration
2020-05-31 07:31:33...retrieveSettings
2020-05-31 07:31:33...AdminWizard OFF
2020-05-31 07:31:34...saveConfig
2020-05-31 07:31:34...new Configurator
2020-05-31 07:31:34...populateFromPost
2020-05-31 07:31:34...handleOverride
2020-05-31 07:31:34...addCronAllowedUser
2020-05-31 07:31:34...saveConfig
2020-05-31 07:31:34...new Currency
2020-05-31 07:31:34...retrieve
2020-05-31 07:31:34...DBG: save currency
2020-05-31 07:31:34...Save user settings..
2020-05-31 07:31:37...DBG: SugarThemeRegistry::getDefault
2020-05-31 07:34:13...installerHook: Info: custom/install/install_hooks.php not present, no custom hooks to execute